# JRE version: Java(TM) SE Runtime Environment (8.0_191-b12) (build 1.8.0_191-b12)
# Java VM: Java HotSpot(TM) 64-Bit Server VM (25.191-b12 mixed mode linux-amd64 compressed oops)
Heap:
 def new generation   total 122112K, used 111800K [0x00000000c0000000, 0x00000000c8470000, 0x00000000d5550000)
  eden space 108608K, 100% used [0x00000000c0000000, 0x00000000c6a10000, 0x00000000c6a10000)
  from space 13504K,  23% used [0x00000000c7740000, 0x00000000c7a5e328, 0x00000000c8470000)
  to   space 13504K,   7% used [0x00000000c6a10000, 0x00000000c6b0f2d8, 0x00000000c7740000)
 tenured generation   total 271076K, used 260393K [0x00000000d5550000, 0x00000000e5e09000, 0x0000000100000000)
   the space 271076K,  96% used [0x00000000d5550000, 0x00000000e539a4c8, 0x00000000e539a600, 0x00000000e5e09000)
 Metaspace       used 84257K, capacity 86424K, committed 86656K, reserved 1124352K
  class space    used 11967K, capacity 12287K, committed 12416K, reserved 1048576K
GC Heap History (10 events):
Event: 4961.259 GC heap after
Heap after GC invocations=605 (full 10):
 def new generation   total 122112K, used 3533K [0x00000000c0000000, 0x00000000c8470000, 0x00000000d5550000)
  eden space 108608K,   0% used [0x00000000c0000000, 0x00000000c0000000, 0x00000000c6a10000)
  from space 13504K,  26% used [0x00000000c7740000, 0x00000000c7ab37e8, 0x00000000c8470000)
  to   space 13504K,   0% used [0x00000000c6a10000, 0x00000000c6a10000, 0x00000000c7740000)
 tenured generation   total 271076K, used 260074K [0x00000000d5550000, 0x00000000e5e09000, 0x0000000100000000)
   the space 271076K,  95% used [0x00000000d5550000, 0x00000000e534a958, 0x00000000e534aa00, 0x00000000e5e09000)
 Metaspace       used 84213K, capacity 86412K, committed 86656K, reserved 1124352K
  class space    used 11966K, capacity 12284K, committed 12416K, reserved 1048576K
}
Event: 4962.468 GC heap before
{Heap before GC invocations=605 (full 10):
 def new generation   total 122112K, used 112141K [0x00000000c0000000, 0x00000000c8470000, 0x00000000d5550000)
  eden space 108608K, 100% used [0x00000000c0000000, 0x00000000c6a10000, 0x00000000c6a10000)
  from space 13504K,  26% used [0x00000000c7740000, 0x00000000c7ab37e8, 0x00000000c8470000)
  to   space 13504K,   0% used [0x00000000c6a10000, 0x00000000c6a10000, 0x00000000c7740000)
 tenured generation   total 271076K, used 260074K [0x00000000d5550000, 0x00000000e5e09000, 0x0000000100000000)
   the space 271076K,  95% used [0x00000000d5550000, 0x00000000e534a958, 0x00000000e534aa00, 0x00000000e5e09000)
 Metaspace       used 84213K, capacity 86412K, committed 86656K, reserved 1124352K
  class space    used 11966K, capacity 12284K, committed 12416K, reserved 1048576K
Event: 4962.499 GC heap after
Heap after GC invocations=606 (full 10):
 def new generation   total 122112K, used 3508K [0x00000000c0000000, 0x00000000c8470000, 0x00000000d5550000)
  eden space 108608K,   0% used [0x00000000c0000000, 0x00000000c0000000, 0x00000000c6a10000)
  from space 13504K,  25% used [0x00000000c6a10000, 0x00000000c6d7d188, 0x00000000c7740000)
  to   space 13504K,   0% used [0x00000000c7740000, 0x00000000c7740000, 0x00000000c8470000)
 tenured generation   total 271076K, used 260111K [0x00000000d5550000, 0x00000000e5e09000, 0x0000000100000000)
   the space 271076K,  95% used [0x00000000d5550000, 0x00000000e5353ca8, 0x00000000e5353e00, 0x00000000e5e09000)
 Metaspace       used 84213K, capacity 86412K, committed 86656K, reserved 1124352K
  class space    used 11966K, capacity 12284K, committed 12416K, reserved 1048576K
}
Event: 4964.381 GC heap before
{Heap before GC invocations=606 (full 10):
 def new generation   total 122112K, used 112116K [0x00000000c0000000, 0x00000000c8470000, 0x00000000d5550000)
  eden space 108608K, 100% used [0x00000000c0000000, 0x00000000c6a10000, 0x00000000c6a10000)
  from space 13504K,  25% used [0x00000000c6a10000, 0x00000000c6d7d188, 0x00000000c7740000)
  to   space 13504K,   0% used [0x00000000c7740000, 0x00000000c7740000, 0x00000000c8470000)
 tenured generation   total 271076K, used 260111K [0x00000000d5550000, 0x00000000e5e09000, 0x0000000100000000)
   the space 271076K,  95% used [0x00000000d5550000, 0x00000000e5353ca8, 0x00000000e5353e00, 0x00000000e5e09000)
 Metaspace       used 84213K, capacity 86412K, committed 86656K, reserved 1124352K
  class space    used 11966K, capacity 12284K, committed 12416K, reserved 1048576K
Event: 4964.416 GC heap after
Heap after GC invocations=607 (full 10):
 def new generation   total 122112K, used 3404K [0x00000000c0000000, 0x00000000c8470000, 0x00000000d5550000)
  eden space 108608K,   0% used [0x00000000c0000000, 0x00000000c0000000, 0x00000000c6a10000)
  from space 13504K,  25% used [0x00000000c7740000, 0x00000000c7a93150, 0x00000000c8470000)
  to   space 13504K,   0% used [0x00000000c6a10000, 0x00000000c6a10000, 0x00000000c7740000)
 tenured generation   total 271076K, used 260146K [0x00000000d5550000, 0x00000000e5e09000, 0x0000000100000000)
   the space 271076K,  95% used [0x00000000d5550000, 0x00000000e535c898, 0x00000000e535ca00, 0x00000000e5e09000)
 Metaspace       used 84213K, capacity 86412K, committed 86656K, reserved 1124352K
  class space    used 11966K, capacity 12284K, committed 12416K, reserved 1048576K
}
Event: 4969.141 GC heap before
{Heap before GC invocations=607 (full 10):
 def new generation   total 122112K, used 112012K [0x00000000c0000000, 0x00000000c8470000, 0x00000000d5550000)
  eden space 108608K, 100% used [0x00000000c0000000, 0x00000000c6a10000, 0x00000000c6a10000)
  from space 13504K,  25% used [0x00000000c7740000, 0x00000000c7a93150, 0x00000000c8470000)
  to   space 13504K,   0% used [0x00000000c6a10000, 0x00000000c6a10000, 0x00000000c7740000)
 tenured generation   total 271076K, used 260146K [0x00000000d5550000, 0x00000000e5e09000, 0x0000000100000000)
   the space 271076K,  95% used [0x00000000d5550000, 0x00000000e535c898, 0x00000000e535ca00, 0x00000000e5e09000)
 Metaspace       used 84213K, capacity 86412K, committed 86656K, reserved 1124352K
  class space    used 11966K, capacity 12284K, committed 12416K, reserved 1048576K
Event: 4969.174 GC heap after
Heap after GC invocations=608 (full 10):
 def new generation   total 122112K, used 3456K [0x00000000c0000000, 0x00000000c8470000, 0x00000000d5550000)
  eden space 108608K,   0% used [0x00000000c0000000, 0x00000000c0000000, 0x00000000c6a10000)
  from space 13504K,  25% used [0x00000000c6a10000, 0x00000000c6d702a0, 0x00000000c7740000)
  to   space 13504K,   0% used [0x00000000c7740000, 0x00000000c7740000, 0x00000000c8470000)
 tenured generation   total 271076K, used 260324K [0x00000000d5550000, 0x00000000e5e09000, 0x0000000100000000)
   the space 271076K,  96% used [0x00000000d5550000, 0x00000000e5389300, 0x00000000e5389400, 0x00000000e5e09000)
 Metaspace       used 84213K, capacity 86412K, committed 86656K, reserved 1124352K
  class space    used 11966K, capacity 12284K, committed 12416K, reserved 1048576K
}
Event: 4969.777 GC heap before
{Heap before GC invocations=608 (full 10):
 def new generation   total 122112K, used 112064K [0x00000000c0000000, 0x00000000c8470000, 0x00000000d5550000)
  eden space 108608K, 100% used [0x00000000c0000000, 0x00000000c6a10000, 0x00000000c6a10000)
  from space 13504K,  25% used [0x00000000c6a10000, 0x00000000c6d702a0, 0x00000000c7740000)
  to   space 13504K,   0% used [0x00000000c7740000, 0x00000000c7740000, 0x00000000c8470000)
 tenured generation   total 271076K, used 260324K [0x00000000d5550000, 0x00000000e5e09000, 0x0000000100000000)
   the space 271076K,  96% used [0x00000000d5550000, 0x00000000e5389300, 0x00000000e5389400, 0x00000000e5e09000)
 Metaspace       used 84222K, capacity 86418K, committed 86656K, reserved 1124352K
  class space    used 11967K, capacity 12286K, committed 12416K, reserved 1048576K
Event: 4969.801 GC heap after
Heap after GC invocations=609 (full 10):
 def new generation   total 122112K, used 3192K [0x00000000c0000000, 0x00000000c8470000, 0x00000000d5550000)
  eden space 108608K,   0% used [0x00000000c0000000, 0x00000000c0000000, 0x00000000c6a10000)
  from space 13504K,  23% used [0x00000000c7740000, 0x00000000c7a5e328, 0x00000000c8470000)
  to   space 13504K,   0% used [0x00000000c6a10000, 0x00000000c6a10000, 0x00000000c7740000)
 tenured generation   total 271076K, used 260374K [0x00000000d5550000, 0x00000000e5e09000, 0x0000000100000000)
   the space 271076K,  96% used [0x00000000d5550000, 0x00000000e5395b70, 0x00000000e5395c00, 0x00000000e5e09000)
 Metaspace       used 84222K, capacity 86418K, committed 86656K, reserved 1124352K
  class space    used 11967K, capacity 12286K, committed 12416K, reserved 1048576K
}
Event: 4970.030 GC heap before
{Heap before GC invocations=609 (full 10):
 def new generation   total 122112K, used 111800K [0x00000000c0000000, 0x00000000c8470000, 0x00000000d5550000)
  eden space 108608K, 100% used [0x00000000c0000000, 0x00000000c6a10000, 0x00000000c6a10000)
  from space 13504K,  23% used [0x00000000c7740000, 0x00000000c7a5e328, 0x00000000c8470000)
  to   space 13504K,   0% used [0x00000000c6a10000, 0x00000000c6a10000, 0x00000000c7740000)
 tenured generation   total 271076K, used 260374K [0x00000000d5550000, 0x00000000e5e09000, 0x0000000100000000)
   the space 271076K,  96% used [0x00000000d5550000, 0x00000000e5395b70, 0x00000000e5395c00, 0x00000000e5e09000)
 Metaspace       used 84257K, capacity 86424K, committed 86656K, reserved 1124352K
  class space    used 11967K, capacity 12287K, committed 12416K, reserved 1048576K

