# JRE version: Java(TM) SE Runtime Environment (8.0_191-b12) (build 1.8.0_191-b12)
# Java VM: Java HotSpot(TM) 64-Bit Server VM (25.191-b12 mixed mode linux-amd64 compressed oops)
Heap:
 def new generation   total 108544K, used 0K [0x00000000c0000000, 0x00000000c75c0000, 0x00000000d5550000)
  eden space 96512K,   0% used [0x00000000c0000000, 0x00000000c0000000, 0x00000000c5e40000)
  from space 12032K,   0% used [0x00000000c5e40000, 0x00000000c5e40000, 0x00000000c6a00000)
  to   space 12032K,   0% used [0x00000000c6a00000, 0x00000000c6a00000, 0x00000000c75c0000)
 tenured generation   total 257416K, used 235060K [0x00000000d5550000, 0x00000000e50b2000, 0x0000000100000000)
   the space 257416K,  91% used [0x00000000d5550000, 0x00000000e3add308, 0x00000000e3add400, 0x00000000e50b2000)
 Metaspace       used 83359K, capacity 85108K, committed 85376K, reserved 1122304K
  class space    used 11969K, capacity 12290K, committed 12416K, reserved 1048576K
GC Heap History (10 events):
Event: 249.309 GC heap after
Heap after GC invocations=464 (full 9):
 def new generation   total 108544K, used 2236K [0x00000000c0000000, 0x00000000c75c0000, 0x00000000d5550000)
  eden space 96512K,   0% used [0x00000000c0000000, 0x00000000c0000000, 0x00000000c5e40000)
  from space 12032K,  18% used [0x00000000c6a00000, 0x00000000c6c2f390, 0x00000000c75c0000)
  to   space 12032K,   0% used [0x00000000c5e40000, 0x00000000c5e40000, 0x00000000c6a00000)
 tenured generation   total 241028K, used 232898K [0x00000000d5550000, 0x00000000e40b1000, 0x0000000100000000)
   the space 241028K,  96% used [0x00000000d5550000, 0x00000000e38c0bf0, 0x00000000e38c0c00, 0x00000000e40b1000)
 Metaspace       used 83265K, capacity 85000K, committed 85248K, reserved 1122304K
  class space    used 11965K, capacity 12284K, committed 12288K, reserved 1048576K
}
Event: 249.595 GC heap before
{Heap before GC invocations=464 (full 9):
 def new generation   total 108544K, used 98748K [0x00000000c0000000, 0x00000000c75c0000, 0x00000000d5550000)
  eden space 96512K, 100% used [0x00000000c0000000, 0x00000000c5e40000, 0x00000000c5e40000)
  from space 12032K,  18% used [0x00000000c6a00000, 0x00000000c6c2f390, 0x00000000c75c0000)
  to   space 12032K,   0% used [0x00000000c5e40000, 0x00000000c5e40000, 0x00000000c6a00000)
 tenured generation   total 241028K, used 232898K [0x00000000d5550000, 0x00000000e40b1000, 0x0000000100000000)
   the space 241028K,  96% used [0x00000000d5550000, 0x00000000e38c0bf0, 0x00000000e38c0c00, 0x00000000e40b1000)
 Metaspace       used 83265K, capacity 85000K, committed 85248K, reserved 1122304K
  class space    used 11965K, capacity 12284K, committed 12288K, reserved 1048576K
Event: 249.603 GC heap after
Heap after GC invocations=465 (full 9):
 def new generation   total 108544K, used 2287K [0x00000000c0000000, 0x00000000c75c0000, 0x00000000d5550000)
  eden space 96512K,   0% used [0x00000000c0000000, 0x00000000c0000000, 0x00000000c5e40000)
  from space 12032K,  19% used [0x00000000c5e40000, 0x00000000c607bc80, 0x00000000c6a00000)
  to   space 12032K,   0% used [0x00000000c6a00000, 0x00000000c6a00000, 0x00000000c75c0000)
 tenured generation   total 241028K, used 232974K [0x00000000d5550000, 0x00000000e40b1000, 0x0000000100000000)
   the space 241028K,  96% used [0x00000000d5550000, 0x00000000e38d3b78, 0x00000000e38d3c00, 0x00000000e40b1000)
 Metaspace       used 83265K, capacity 85000K, committed 85248K, reserved 1122304K
  class space    used 11965K, capacity 12284K, committed 12288K, reserved 1048576K
}
Event: 249.872 GC heap before
{Heap before GC invocations=465 (full 9):
 def new generation   total 108544K, used 98799K [0x00000000c0000000, 0x00000000c75c0000, 0x00000000d5550000)
  eden space 96512K, 100% used [0x00000000c0000000, 0x00000000c5e40000, 0x00000000c5e40000)
  from space 12032K,  19% used [0x00000000c5e40000, 0x00000000c607bc80, 0x00000000c6a00000)
  to   space 12032K,   0% used [0x00000000c6a00000, 0x00000000c6a00000, 0x00000000c75c0000)
 tenured generation   total 241028K, used 232974K [0x00000000d5550000, 0x00000000e40b1000, 0x0000000100000000)
   the space 241028K,  96% used [0x00000000d5550000, 0x00000000e38d3b78, 0x00000000e38d3c00, 0x00000000e40b1000)
 Metaspace       used 83271K, capacity 85004K, committed 85248K, reserved 1122304K
  class space    used 11966K, capacity 12284K, committed 12288K, reserved 1048576K
Event: 249.880 GC heap after
Heap after GC invocations=466 (full 9):
 def new generation   total 108544K, used 1988K [0x00000000c0000000, 0x00000000c75c0000, 0x00000000d5550000)
  eden space 96512K,   0% used [0x00000000c0000000, 0x00000000c0000000, 0x00000000c5e40000)
  from space 12032K,  16% used [0x00000000c6a00000, 0x00000000c6bf1360, 0x00000000c75c0000)
  to   space 12032K,   0% used [0x00000000c5e40000, 0x00000000c5e40000, 0x00000000c6a00000)
 tenured generation   total 241028K, used 233019K [0x00000000d5550000, 0x00000000e40b1000, 0x0000000100000000)
   the space 241028K,  96% used [0x00000000d5550000, 0x00000000e38ded60, 0x00000000e38dee00, 0x00000000e40b1000)
 Metaspace       used 83271K, capacity 85004K, committed 85248K, reserved 1122304K
  class space    used 11966K, capacity 12284K, committed 12288K, reserved 1048576K
}
Event: 250.191 GC heap before
{Heap before GC invocations=466 (full 9):
 def new generation   total 108544K, used 98500K [0x00000000c0000000, 0x00000000c75c0000, 0x00000000d5550000)
  eden space 96512K, 100% used [0x00000000c0000000, 0x00000000c5e40000, 0x00000000c5e40000)
  from space 12032K,  16% used [0x00000000c6a00000, 0x00000000c6bf1360, 0x00000000c75c0000)
  to   space 12032K,   0% used [0x00000000c5e40000, 0x00000000c5e40000, 0x00000000c6a00000)
 tenured generation   total 241028K, used 233019K [0x00000000d5550000, 0x00000000e40b1000, 0x0000000100000000)
   the space 241028K,  96% used [0x00000000d5550000, 0x00000000e38ded60, 0x00000000e38dee00, 0x00000000e40b1000)
 Metaspace       used 83275K, capacity 85008K, committed 85248K, reserved 1122304K
  class space    used 11966K, capacity 12284K, committed 12288K, reserved 1048576K
Event: 250.199 GC heap after
Heap after GC invocations=467 (full 9):
 def new generation   total 108544K, used 2118K [0x00000000c0000000, 0x00000000c75c0000, 0x00000000d5550000)
  eden space 96512K,   0% used [0x00000000c0000000, 0x00000000c0000000, 0x00000000c5e40000)
  from space 12032K,  17% used [0x00000000c5e40000, 0x00000000c6051b20, 0x00000000c6a00000)
  to   space 12032K,   0% used [0x00000000c6a00000, 0x00000000c6a00000, 0x00000000c75c0000)
 tenured generation   total 241028K, used 233063K [0x00000000d5550000, 0x00000000e40b1000, 0x0000000100000000)
   the space 241028K,  96% used [0x00000000d5550000, 0x00000000e38e9ff0, 0x00000000e38ea000, 0x00000000e40b1000)
 Metaspace       used 83275K, capacity 85008K, committed 85248K, reserved 1122304K
  class space    used 11966K, capacity 12284K, committed 12288K, reserved 1048576K
}
Event: 250.461 GC heap before
{Heap before GC invocations=467 (full 9):
 def new generation   total 108544K, used 98630K [0x00000000c0000000, 0x00000000c75c0000, 0x00000000d5550000)
  eden space 96512K, 100% used [0x00000000c0000000, 0x00000000c5e40000, 0x00000000c5e40000)
  from space 12032K,  17% used [0x00000000c5e40000, 0x00000000c6051b20, 0x00000000c6a00000)
  to   space 12032K,   0% used [0x00000000c6a00000, 0x00000000c6a00000, 0x00000000c75c0000)
 tenured generation   total 241028K, used 233063K [0x00000000d5550000, 0x00000000e40b1000, 0x0000000100000000)
   the space 241028K,  96% used [0x00000000d5550000, 0x00000000e38e9ff0, 0x00000000e38ea000, 0x00000000e40b1000)
 Metaspace       used 83280K, capacity 85008K, committed 85248K, reserved 1122304K
  class space    used 11966K, capacity 12284K, committed 12288K, reserved 1048576K
Event: 250.468 GC heap after
Heap after GC invocations=468 (full 9):
 def new generation   total 108544K, used 1772K [0x00000000c0000000, 0x00000000c75c0000, 0x00000000d5550000)
  eden space 96512K,   0% used [0x00000000c0000000, 0x00000000c0000000, 0x00000000c5e40000)
  from space 12032K,  14% used [0x00000000c6a00000, 0x00000000c6bbb3d8, 0x00000000c75c0000)
  to   space 12032K,   0% used [0x00000000c5e40000, 0x00000000c5e40000, 0x00000000c6a00000)
 tenured generation   total 241028K, used 233105K [0x00000000d5550000, 0x00000000e40b1000, 0x0000000100000000)
   the space 241028K,  96% used [0x00000000d5550000, 0x00000000e38f47e0, 0x00000000e38f4800, 0x00000000e40b1000)
 Metaspace       used 83280K, capacity 85008K, committed 85248K, reserved 1122304K
  class space    used 11966K, capacity 12284K, committed 12288K, reserved 1048576K
}
Event: 250.905 GC heap before
{Heap before GC invocations=468 (full 9):
 def new generation   total 108544K, used 95343K [0x00000000c0000000, 0x00000000c75c0000, 0x00000000d5550000)
  eden space 96512K,  96% used [0x00000000c0000000, 0x00000000c5b60ab8, 0x00000000c5e40000)
  from space 12032K,  14% used [0x00000000c6a00000, 0x00000000c6bbb3d8, 0x00000000c75c0000)
  to   space 12032K,   0% used [0x00000000c5e40000, 0x00000000c5e40000, 0x00000000c6a00000)
 tenured generation   total 241028K, used 233105K [0x00000000d5550000, 0x00000000e40b1000, 0x0000000100000000)
   the space 241028K,  96% used [0x00000000d5550000, 0x00000000e38f47e0, 0x00000000e38f4800, 0x00000000e40b1000)
 Metaspace       used 83359K, capacity 85108K, committed 85376K, reserved 1122304K
  class space    used 11969K, capacity 12290K, committed 12416K, reserved 1048576K

